<?xml version="1.0" encoding="UTF-8"?>
<!-- Generated by org.testng.reporters.JUnitXMLReporter -->
<testsuite hostname="EMACBOOK-34" name="Login Test script" tests="1" failures="0" timestamp="11 Feb 2016 15:46:28 GMT" time="0.253" errors="0">
  <testcase name="@BeforeClass startUp" time="0.0" classname="com.box.tests.LoginLogout">
    <skipped/>
  </testcase> <!-- @BeforeClass startUp -->
  <testcase name="@BeforeMethod beforeTest" time="0.0" classname="com.box.tests.LoginLogout">
    <skipped/>
  </testcase> <!-- @BeforeMethod beforeTest -->
  <testcase name="@AfterMethod afterTest" time="0.0" classname="com.box.tests.LoginLogout">
    <skipped/>
  </testcase> <!-- @AfterMethod afterTest -->
  <testcase name="@AfterClass tearDown" time="0.0" classname="com.box.tests.LoginLogout">
    <skipped/>
  </testcase> <!-- @AfterClass tearDown -->
  <testcase name="loginTest" time="0.0" classname="com.box.tests.LoginLogout">
    <skipped/>
  </testcase> <!-- loginTest -->
</testsuite> <!-- Login Test script -->
