<?xml version="1.0" encoding="UTF-8"?>
<testsuite xmlns:xsi="http://www.w3.org/2001/XMLSchema-instance" xsi:schemaLocation="https://maven.apache.org/surefire/maven-surefire-plugin/xsd/surefire-test-report.xsd" name="TestSuite" time="110.049" tests="17" errors="0" skipped="13" failures="2">
  <properties>
[...]
</properties>
  <testcase name="startTime" classname="com.box.model.StartExecution" time="0.156"/>
  <testcase name="startUp" classname="com.box.tests.SignUp" time="61.6">
    <failure message="A new session could not be created. (Original error: com.salesforce.chatter/.Chatter never started. Current: com.box.android/.activities.login.WelcomeTourActivity) (WARNING: The server did not provide any stacktrace information)&#10;Command duration or timeout: 60.11 seconds&#10;Build info: version: &apos;2.51.0&apos;, revision: &apos;1af067dbcaedd7d2ab9af5151fc471d363d97193&apos;, time: &apos;2016-02-05 11:20:57&apos;&#10;System info: host: &apos;EMACBOOK-34&apos;, ip: &apos;172.16.21.30&apos;, os.name: &apos;Mac OS X&apos;, os.arch: &apos;x86_64&apos;, os.version: &apos;10.10.5&apos;, java.version: &apos;1.8.0_40&apos;&#10;Driver info: io.appium.java_client.android.AndroidDriver" type="org.openqa.selenium.SessionNotCreatedException">org.openqa.selenium.SessionNotCreatedException: 
A new session could not be created. (Original error: com.salesforce.chatter/.Chatter never started. Current: com.box.android/.activities.login.WelcomeTourActivity) (WARNING: The server did not provide any stacktrace information)
Command duration or timeout: 60.11 seconds
Build info: version: '2.51.0', revision: '1af067dbcaedd7d2ab9af5151fc471d363d97193', time: '2016-02-05 11:20:57'
System info: host: 'EMACBOOK-34', ip: '172.16.21.30', os.name: 'Mac OS X', os.arch: 'x86_64', os.version: '10.10.5', java.version: '1.8.0_40'
Driver info: io.appium.java_client.android.AndroidDriver
	at com.box.tests.SignUp.startUp(SignUp.java:60)
</failure>
    <system-out><![CDATA[Yes
]]></system-out>
    <system-err><![CDATA[Warning:  Property storage name for 5 is empty - setting to Root Entry
log4j:WARN No appenders could be found for logger (org.apache.http.client.protocol.RequestAddCookies).
log4j:WARN Please initialize the log4j system properly.
]]></system-err>
  </testcase>
  <testcase name="beforeTest" classname="com.box.tests.SignUp" time="0">
    <skipped/>
  </testcase>
  <testcase name="registration" classname="com.box.tests.SignUp" time="0">
    <skipped/>
  </testcase>
  <testcase name="afterTest" classname="com.box.tests.SignUp" time="0">
    <skipped/>
  </testcase>
  <testcase name="tearDown" classname="com.box.tests.SignUp" time="0">
    <skipped/>
  </testcase>
  <testcase name="startUp" classname="com.box.tests.LoginLogout" time="0">
    <skipped/>
    <system-out><![CDATA[No
LoginLogout execution is skipped
]]></system-out>
    <system-err><![CDATA[Warning:  Property storage name for 5 is empty - setting to Root Entry
]]></system-err>
  </testcase>
  <testcase name="beforeTest" classname="com.box.tests.LoginLogout" time="0">
    <skipped/>
    <system-err><![CDATA[Warning:  Property storage name for 5 is empty - setting to Root Entry
]]></system-err>
  </testcase>
  <testcase name="loginTest" classname="com.box.tests.LoginLogout" time="0">
    <skipped/>
  </testcase>
  <testcase name="afterTest" classname="com.box.tests.LoginLogout" time="0">
    <skipped/>
  </testcase>
  <testcase name="tearDown" classname="com.box.tests.LoginLogout" time="0">
    <skipped/>
  </testcase>
  <testcase name="startUp" classname="com.box.tests.AddItems" time="46.503">
    <failure message="A new session could not be created. (Original error: com.salesforce.chatter/.Chatter never started. Current: com.box.android/.activities.login.WelcomeTourActivity) (WARNING: The server did not provide any stacktrace information)&#10;Command duration or timeout: 46.29 seconds&#10;Build info: version: &apos;2.51.0&apos;, revision: &apos;1af067dbcaedd7d2ab9af5151fc471d363d97193&apos;, time: &apos;2016-02-05 11:20:57&apos;&#10;System info: host: &apos;EMACBOOK-34&apos;, ip: &apos;172.16.21.30&apos;, os.name: &apos;Mac OS X&apos;, os.arch: &apos;x86_64&apos;, os.version: &apos;10.10.5&apos;, java.version: &apos;1.8.0_40&apos;&#10;Driver info: io.appium.java_client.android.AndroidDriver" type="org.openqa.selenium.SessionNotCreatedException">org.openqa.selenium.SessionNotCreatedException: 
A new session could not be created. (Original error: com.salesforce.chatter/.Chatter never started. Current: com.box.android/.activities.login.WelcomeTourActivity) (WARNING: The server did not provide any stacktrace information)
Command duration or timeout: 46.29 seconds
Build info: version: '2.51.0', revision: '1af067dbcaedd7d2ab9af5151fc471d363d97193', time: '2016-02-05 11:20:57'
System info: host: 'EMACBOOK-34', ip: '172.16.21.30', os.name: 'Mac OS X', os.arch: 'x86_64', os.version: '10.10.5', java.version: '1.8.0_40'
Driver info: io.appium.java_client.android.AndroidDriver
	at com.box.tests.AddItems.startUp(AddItems.java:56)
</failure>
    <system-out><![CDATA[Yes
]]></system-out>
    <system-err><![CDATA[Warning:  Property storage name for 5 is empty - setting to Root Entry
]]></system-err>
  </testcase>
  <testcase name="beforeTest" classname="com.box.tests.AddItems" time="0">
    <skipped/>
    <system-err><![CDATA[Warning:  Property storage name for 5 is empty - setting to Root Entry
]]></system-err>
  </testcase>
  <testcase name="addingItems" classname="com.box.tests.AddItems" time="0">
    <skipped/>
  </testcase>
  <testcase name="afterTest" classname="com.box.tests.AddItems" time="0">
    <skipped/>
  </testcase>
  <testcase name="tearDown" classname="com.box.tests.AddItems" time="0">
    <skipped/>
  </testcase>
  <testcase name="endTime" classname="com.box.model.EndExecution" time="0"/>
</testsuite>